[15:50:55] [Client thread/INFO]: Setting user: David_M1A2
[15:50:58] [Client thread/INFO]: LWJGL Version: 2.9.4
[15:51:03] [Client thread/INFO]: Reloading ResourceManager: Default, FMLFileResourcePack:Forge Mod Loader, FMLFileResourcePack:Minecraft Forge, FMLFileResourcePack:Afraid of the Dark
[15:51:04] [Sound Library Loader/INFO]: Starting up SoundSystem...
[15:51:04] [Thread-9/INFO]: Initializing LWJGL OpenAL
[15:51:04] [Thread-9/INFO]: (The LWJGL binding of OpenAL.  For more information, see http://www.lwjgl.org)
[15:51:04] [Thread-9/INFO]: OpenAL initialized.
[15:51:04] [Sound Library Loader/INFO]: Sound engine started
[15:51:10] [Client thread/INFO]: Created: 16x16 textures-atlas
[15:51:11] [Client thread/INFO]: Reloading ResourceManager: Default, FMLFileResourcePack:Forge Mod Loader, FMLFileResourcePack:Minecraft Forge, FMLFileResourcePack:Afraid of the Dark
[15:51:11] [Client thread/INFO]: SoundSystem shutting down...
[15:51:11] [Client thread/WARN]: Author: Paul Lamb, www.paulscode.com
[15:51:11] [Sound Library Loader/INFO]: Starting up SoundSystem...
[15:51:11] [Thread-12/INFO]: Initializing LWJGL OpenAL
[15:51:11] [Thread-12/INFO]: (The LWJGL binding of OpenAL.  For more information, see http://www.lwjgl.org)
[15:51:11] [Thread-12/INFO]: OpenAL initialized.
[15:51:12] [Sound Library Loader/INFO]: Sound engine started
[15:51:17] [Client thread/INFO]: Created: 1024x512 textures-atlas
[15:51:23] [Server thread/INFO]: Starting integrated minecraft server version 1.8.9
[15:51:23] [Server thread/INFO]: Generating keypair
[15:51:23] [Server thread/INFO]: Converting map!
[15:51:23] [Server thread/INFO]: Scanning folders...
[15:51:23] [Server thread/INFO]: Total conversion count is 0
[15:51:24] [Server thread/INFO]: Preparing start region for level 0
[15:51:25] [Server thread/INFO]: Preparing spawn area: 10%
[15:51:26] [Server thread/INFO]: Preparing spawn area: 24%
[15:51:27] [Server thread/INFO]: Preparing spawn area: 41%
[15:51:28] [Server thread/INFO]: Preparing spawn area: 49%
[15:51:29] [Server thread/INFO]: Preparing spawn area: 65%
[15:51:30] [Server thread/INFO]: Preparing spawn area: 83%
[15:51:31] [Server thread/INFO]: Changing view distance to 12, from 10
[15:51:32] [Server thread/INFO]: David_M1A2[local:E:e32c3e83] logged in with entity id 177 at (-210.5, 68.0, 230.5)
[15:51:32] [Server thread/INFO]: David_M1A2 joined the game
[15:51:33] [pool-2-thread-1/WARN]: Couldn't look up profile properties for com.mojang.authlib.GameProfile@7660fe10[id=c3bfaeab-0969-333c-b719-a21a62e17135,name=David_M1A2,properties={},legacy=false]
com.mojang.authlib.exceptions.AuthenticationException: The client has sent too many requests within a certain amount of time
	at com.mojang.authlib.yggdrasil.YggdrasilAuthenticationService.makeRequest(YggdrasilAuthenticationService.java:65) ~[YggdrasilAuthenticationService.class:?]
	at com.mojang.authlib.yggdrasil.YggdrasilMinecraftSessionService.fillGameProfile(YggdrasilMinecraftSessionService.java:175) [YggdrasilMinecraftSessionService.class:?]
	at com.mojang.authlib.yggdrasil.YggdrasilMinecraftSessionService$1.load(YggdrasilMinecraftSessionService.java:59) [YggdrasilMinecraftSessionService$1.class:?]
	at com.mojang.authlib.yggdrasil.YggdrasilMinecraftSessionService$1.load(YggdrasilMinecraftSessionService.java:56) [YggdrasilMinecraftSessionService$1.class:?]
	at com.google.common.cache.LocalCache$LoadingValueReference.loadFuture(LocalCache.java:3524) [guava-17.0.jar:?]
	at com.google.common.cache.LocalCache$Segment.loadSync(LocalCache.java:2317) [guava-17.0.jar:?]
	at com.google.common.cache.LocalCache$Segment.lockedGetOrLoad(LocalCache.java:2280) [guava-17.0.jar:?]
	at com.google.common.cache.LocalCache$Segment.get(LocalCache.java:2195) [guava-17.0.jar:?]
	at com.google.common.cache.LocalCache.get(LocalCache.java:3934) [guava-17.0.jar:?]
	at com.google.common.cache.LocalCache.getOrLoad(LocalCache.java:3938) [guava-17.0.jar:?]
	at com.google.common.cache.LocalCache$LocalLoadingCache.get(LocalCache.java:4821) [guava-17.0.jar:?]
	at com.google.common.cache.LocalCache$LocalLoadingCache.getUnchecked(LocalCache.java:4827) [guava-17.0.jar:?]
	at com.mojang.authlib.yggdrasil.YggdrasilMinecraftSessionService.fillProfileProperties(YggdrasilMinecraftSessionService.java:165) [YggdrasilMinecraftSessionService.class:?]
	at net.minecraft.client.Minecraft.func_181037_M(Minecraft.java:2915) [Minecraft.class:?]
	at net.minecraft.client.resources.SkinManager$3.run(SkinManager.java:130) [SkinManager$3.class:?]
	at java.util.concurrent.Executors$RunnableAdapter.call(Executors.java:511) [?:1.8.0_191]
	at java.util.concurrent.FutureTask.run(FutureTask.java:266) [?:1.8.0_191]
	at java.util.concurrent.ThreadPoolExecutor.runWorker(ThreadPoolExecutor.java:1149) [?:1.8.0_191]
	at java.util.concurrent.ThreadPoolExecutor$Worker.run(ThreadPoolExecutor.java:624) [?:1.8.0_191]
	at java.lang.Thread.run(Thread.java:748) [?:1.8.0_191]
[15:51:35] [Server thread/INFO]: Saving and pausing game...
[15:51:35] [Server thread/INFO]: Saving chunks for level 'New World'/Overworld
[15:51:37] [Server thread/INFO]: Saving chunks for level 'New World'/Nether
[15:51:37] [Server thread/INFO]: Saving chunks for level 'New World'/The End
[15:51:37] [Server thread/INFO]: Saving chunks for level 'New World'/voidChest
[15:51:37] [Server thread/INFO]: Saving chunks for level 'New World'/nightmare
[15:51:38] [Server thread/WARN]: Can't keep up! Did the system time change, or is the server overloaded? Running 5520ms behind, skipping 110 tick(s)
[15:51:42] [Server thread/INFO]: David_M1A2 has just earned the achievement [Taking Inventory]
[15:51:42] [Client thread/INFO]: [CHAT] David_M1A2 has just earned the achievement [Taking Inventory]
[15:51:42] [Server thread/INFO]: Saving and pausing game...
[15:51:42] [Server thread/INFO]: Saving chunks for level 'New World'/Overworld
[15:51:43] [Server thread/INFO]: Saving chunks for level 'New World'/Nether
[15:51:43] [Server thread/INFO]: Saving chunks for level 'New World'/The End
[15:51:43] [Server thread/INFO]: Saving chunks for level 'New World'/voidChest
[15:51:43] [Server thread/INFO]: Saving chunks for level 'New World'/nightmare
[15:51:57] [Server thread/INFO]: Saving and pausing game...
[15:51:57] [Server thread/INFO]: Saving chunks for level 'New World'/Overworld
[15:51:57] [Server thread/INFO]: Saving chunks for level 'New World'/Nether
[15:51:57] [Server thread/INFO]: Saving chunks for level 'New World'/The End
[15:51:57] [Server thread/INFO]: Saving chunks for level 'New World'/voidChest
[15:51:57] [Server thread/INFO]: Saving chunks for level 'New World'/nightmare
[15:52:51] [Client thread/INFO]: [CHAT] Currently selected schematic: TreeBranchyType1
[15:52:53] [Client thread/INFO]: [CHAT] Currently selected schematic: TreeBranchyType2
[15:52:53] [Client thread/INFO]: [CHAT] Currently selected schematic: TreeLargeCircle
[15:52:53] [Client thread/INFO]: [CHAT] Currently selected schematic: TreeLargeDonut
[15:52:54] [Client thread/INFO]: [CHAT] Currently selected schematic: BedHouse
[15:52:55] [Client thread/INFO]: [CHAT] Currently selected schematic: PropBush1
[15:52:59] [Client thread/INFO]: [CHAT] Currently selected schematic: BedHouse
[15:53:09] [Client thread/INFO]: [CHAT] Currently selected schematic: PropBush1
[15:53:10] [Client thread/INFO]: [CHAT] Currently selected schematic: PropFallenOverLog
[15:53:12] [Client thread/INFO]: [CHAT] Currently selected schematic: PropBush1
[15:53:13] [Client thread/INFO]: [CHAT] Currently selected schematic: BedHouse
[15:53:13] [Client thread/INFO]: [CHAT] Currently selected schematic: TreeLargeDonut
[15:53:14] [Client thread/INFO]: [CHAT] Currently selected schematic: TreeLargeCircle
[15:53:15] [Client thread/INFO]: [CHAT] Currently selected schematic: TreeBranchyType2
[15:53:17] [Server thread/INFO]: Saving and pausing game...
[15:53:17] [Server thread/INFO]: Saving chunks for level 'New World'/Overworld
[15:53:17] [Server thread/INFO]: Saving chunks for level 'New World'/Nether
[15:53:17] [Server thread/INFO]: Saving chunks for level 'New World'/The End
[15:53:17] [Server thread/INFO]: Saving chunks for level 'New World'/voidChest
[15:53:17] [Server thread/INFO]: Saving chunks for level 'New World'/nightmare
[15:53:17] [Server thread/INFO]: Stopping server
[15:53:17] [Server thread/INFO]: Saving players
[15:53:17] [Server thread/INFO]: Saving worlds
[15:53:17] [Server thread/INFO]: Saving chunks for level 'New World'/Overworld
[15:53:17] [Server thread/INFO]: Saving chunks for level 'New World'/Nether
[15:53:17] [Server thread/INFO]: Saving chunks for level 'New World'/The End
[15:53:17] [Server thread/INFO]: Saving chunks for level 'New World'/voidChest
[15:53:17] [Server thread/INFO]: Saving chunks for level 'New World'/nightmare
[15:53:18] [Client thread/INFO]: Stopping!
[15:53:18] [Client thread/INFO]: SoundSystem shutting down...
[15:53:19] [Client thread/WARN]: Author: Paul Lamb, www.paulscode.com
